[2025-08-31 02:15:21][INFO] Mongo healthy ✅
[2025-08-31 02:15:21][INFO] Blockchain RPC OK: {"id":1,"jsonrpc":"2.0","result":"EthereumJS TestRPC/v2.13.2/ethereum-js"} ✅
[2025-08-31 02:15:25][ERROR] Backend down.
[2025-08-31 02:15:25][WARN] Restarting container: backend...
[2025-08-31 02:15:30][INFO] backend restarted (total restarts: 1).
[2025-08-31 02:15:34][ERROR] Frontend down.
[2025-08-31 02:15:34][WARN] Restarting container: frontend...
[2025-08-31 02:15:40][INFO] frontend restarted (total restarts: 1).
[2025-08-31 02:15:40][INFO] Containers status check complete.
[2025-08-31 02:17:40][INFO] Mongo healthy ✅
[2025-08-31 02:17:40][INFO] Blockchain RPC OK: {"id":1,"jsonrpc":"2.0","result":"EthereumJS TestRPC/v2.13.2/ethereum-js"} ✅
[2025-08-31 02:17:44][ERROR] Backend down.
[2025-08-31 02:17:44][WARN] Restarting container: backend...
[2025-08-31 02:17:49][INFO] backend restarted (total restarts: 2).
[2025-08-31 02:17:53][ERROR] Frontend down.
[2025-08-31 02:17:53][WARN] Restarting container: frontend...
[2025-08-31 02:17:58][INFO] frontend restarted (total restarts: 2).
[2025-08-31 02:17:58][INFO] Containers status check complete.
[2025-08-31 02:19:58][INFO] Mongo healthy ✅
[2025-08-31 02:19:58][INFO] Blockchain RPC OK: {"id":1,"jsonrpc":"2.0","result":"EthereumJS TestRPC/v2.13.2/ethereum-js"} ✅
[2025-08-31 02:20:03][ERROR] Backend down.
[2025-08-31 02:20:03][WARN] Restarting container: backend...
[2025-08-31 02:20:08][INFO] backend restarted (total restarts: 3).
[2025-08-31 02:20:12][ERROR] Frontend down.
[2025-08-31 02:20:12][WARN] Restarting container: frontend...
[2025-08-31 02:20:17][INFO] frontend restarted (total restarts: 3).
[2025-08-31 02:20:17][INFO] Containers status check complete.
[2025-08-31 02:22:17][INFO] Mongo healthy ✅
[2025-08-31 02:22:17][INFO] Blockchain RPC OK: {"id":1,"jsonrpc":"2.0","result":"EthereumJS TestRPC/v2.13.2/ethereum-js"} ✅
[2025-08-31 02:22:21][ERROR] Backend down.
[2025-08-31 02:22:21][WARN] Restarting container: backend...
[2025-08-31 02:22:27][INFO] backend restarted (total restarts: 4).
[2025-08-31 02:22:31][ERROR] Frontend down.
[2025-08-31 02:22:31][WARN] Restarting container: frontend...
[2025-08-31 02:22:36][INFO] frontend restarted (total restarts: 4).
[2025-08-31 02:22:36][INFO] Containers status check complete.
[2025-08-31 02:24:36][INFO] Mongo healthy ✅
[2025-08-31 02:24:36][INFO] Blockchain RPC OK: {"id":1,"jsonrpc":"2.0","result":"EthereumJS TestRPC/v2.13.2/ethereum-js"} ✅
[2025-08-31 02:24:40][ERROR] Backend down.
[2025-08-31 02:24:40][WARN] Restarting container: backend...
[2025-08-31 02:24:46][INFO] backend restarted (total restarts: 5).
[2025-08-31 02:24:50][ERROR] Frontend down.
[2025-08-31 02:24:50][WARN] Restarting container: frontend...
[2025-08-31 02:24:55][INFO] frontend restarted (total restarts: 5).
[2025-08-31 02:24:55][INFO] Containers status check complete.
[2025-08-31 02:26:55][INFO] Mongo healthy ✅
[2025-08-31 02:26:55][INFO] Blockchain RPC OK: {"id":1,"jsonrpc":"2.0","result":"EthereumJS TestRPC/v2.13.2/ethereum-js"} ✅
[2025-08-31 02:26:59][ERROR] Backend down.
[2025-08-31 02:26:59][WARN] Restarting container: backend...
[2025-08-31 02:27:04][INFO] backend restarted (total restarts: 6).
[2025-08-31 02:27:08][ERROR] Frontend down.
[2025-08-31 02:27:08][WARN] Restarting container: frontend...
[2025-08-31 02:27:14][INFO] frontend restarted (total restarts: 6).
[2025-08-31 02:27:14][INFO] Containers status check complete.
[2025-08-31 02:29:14][INFO] Mongo healthy ✅
[2025-08-31 02:29:14][INFO] Blockchain RPC OK: {"id":1,"jsonrpc":"2.0","result":"EthereumJS TestRPC/v2.13.2/ethereum-js"} ✅
[2025-08-31 02:29:18][ERROR] Backend down.
[2025-08-31 02:29:18][WARN] Restarting container: backend...
[2025-08-31 02:29:23][INFO] backend restarted (total restarts: 7).
[2025-08-31 02:29:27][ERROR] Frontend down.
[2025-08-31 02:29:27][WARN] Restarting container: frontend...
[2025-08-31 02:29:32][INFO] frontend restarted (total restarts: 7).
[2025-08-31 02:29:32][INFO] Containers status check complete.
[2025-08-31 02:31:32][INFO] Mongo healthy ✅
[2025-08-31 02:31:32][INFO] Blockchain RPC OK: {"id":1,"jsonrpc":"2.0","result":"EthereumJS TestRPC/v2.13.2/ethereum-js"} ✅
[2025-08-31 02:31:37][ERROR] Backend down.
[2025-08-31 02:31:37][WARN] Restarting container: backend...
[2025-08-31 02:31:42][INFO] backend restarted (total restarts: 8).
[2025-08-31 02:31:46][ERROR] Frontend down.
[2025-08-31 02:31:46][WARN] Restarting container: frontend...
[2025-08-31 02:31:51][INFO] frontend restarted (total restarts: 8).
[2025-08-31 02:31:51][INFO] Containers status check complete.
[2025-08-31 02:33:51][INFO] Mongo healthy ✅
[2025-08-31 02:33:51][INFO] Blockchain RPC OK: {"id":1,"jsonrpc":"2.0","result":"EthereumJS TestRPC/v2.13.2/ethereum-js"} ✅
[2025-08-31 02:33:55][ERROR] Backend down.
[2025-08-31 02:33:55][WARN] Restarting container: backend...
[2025-08-31 02:34:01][INFO] backend restarted (total restarts: 9).
[2025-08-31 02:34:05][ERROR] Frontend down.
[2025-08-31 02:34:05][WARN] Restarting container: frontend...
[2025-08-31 02:34:10][INFO] frontend restarted (total restarts: 9).
[2025-08-31 02:34:10][INFO] Containers status check complete.
[2025-08-31 02:36:10][INFO] Mongo healthy ✅
[2025-08-31 02:36:10][INFO] Blockchain RPC OK: {"id":1,"jsonrpc":"2.0","result":"EthereumJS TestRPC/v2.13.2/ethereum-js"} ✅
[2025-08-31 02:36:14][ERROR] Backend down.
[2025-08-31 02:36:14][WARN] Restarting container: backend...
[2025-08-31 02:36:19][INFO] backend restarted (total restarts: 10).
[2025-08-31 02:36:23][ERROR] Frontend down.
[2025-08-31 02:36:23][WARN] Restarting container: frontend...
[2025-08-31 02:36:29][INFO] frontend restarted (total restarts: 10).
[2025-08-31 02:36:29][INFO] Containers status check complete.
[2025-08-31 02:38:29][INFO] Mongo healthy ✅
[2025-08-31 02:38:29][INFO] Blockchain RPC OK: {"id":1,"jsonrpc":"2.0","result":"EthereumJS TestRPC/v2.13.2/ethereum-js"} ✅
[2025-08-31 02:38:33][ERROR] Backend down.
[2025-08-31 02:38:33][WARN] Restarting container: backend...
[2025-08-31 02:38:38][INFO] backend restarted (total restarts: 11).
[2025-08-31 02:38:42][ERROR] Frontend down.
[2025-08-31 02:38:42][WARN] Restarting container: frontend...
[2025-08-31 02:38:47][INFO] frontend restarted (total restarts: 11).
[2025-08-31 02:38:47][INFO] Containers status check complete.
[2025-08-31 02:40:48][INFO] Mongo healthy ✅
[2025-08-31 02:40:48][INFO] Blockchain RPC OK: {"id":1,"jsonrpc":"2.0","result":"EthereumJS TestRPC/v2.13.2/ethereum-js"} ✅
[2025-08-31 02:40:52][ERROR] Backend down.
[2025-08-31 02:40:52][WARN] Restarting container: backend...
[2025-08-31 02:40:57][INFO] backend restarted (total restarts: 12).
[2025-08-31 02:41:01][ERROR] Frontend down.
[2025-08-31 02:41:01][WARN] Restarting container: frontend...
[2025-08-31 02:41:06][INFO] frontend restarted (total restarts: 12).
[2025-08-31 02:41:06][INFO] Containers status check complete.
[2025-08-31 02:43:06][INFO] Mongo healthy ✅
[2025-08-31 02:43:06][INFO] Blockchain RPC OK: {"id":1,"jsonrpc":"2.0","result":"EthereumJS TestRPC/v2.13.2/ethereum-js"} ✅
[2025-08-31 02:43:10][ERROR] Backend down.
[2025-08-31 02:43:10][WARN] Restarting container: backend...
[2025-08-31 02:43:16][INFO] backend restarted (total restarts: 13).
[2025-08-31 02:43:20][ERROR] Frontend down.
[2025-08-31 02:43:20][WARN] Restarting container: frontend...
[2025-08-31 02:43:25][INFO] frontend restarted (total restarts: 13).
[2025-08-31 02:43:25][INFO] Containers status check complete.
[2025-08-31 02:45:25][INFO] Mongo healthy ✅
[2025-08-31 02:45:25][INFO] Blockchain RPC OK: {"id":1,"jsonrpc":"2.0","result":"EthereumJS TestRPC/v2.13.2/ethereum-js"} ✅
[2025-08-31 02:45:29][ERROR] Backend down.
[2025-08-31 02:45:29][WARN] Restarting container: backend...
[2025-08-31 02:45:34][INFO] backend restarted (total restarts: 14).
[2025-08-31 02:45:39][ERROR] Frontend down.
[2025-08-31 02:45:39][WARN] Restarting container: frontend...
[2025-08-31 02:45:44][INFO] frontend restarted (total restarts: 14).
[2025-08-31 02:45:44][INFO] Containers status check complete.
[2025-08-31 02:47:44][INFO] Mongo healthy ✅
[2025-08-31 02:47:44][INFO] Blockchain RPC OK: {"id":1,"jsonrpc":"2.0","result":"EthereumJS TestRPC/v2.13.2/ethereum-js"} ✅
[2025-08-31 02:47:48][ERROR] Backend down.
[2025-08-31 02:47:48][WARN] Restarting container: backend...
[2025-08-31 02:47:53][INFO] backend restarted (total restarts: 15).
[2025-08-31 02:47:57][ERROR] Frontend down.
[2025-08-31 02:47:57][WARN] Restarting container: frontend...
[2025-08-31 02:48:03][INFO] frontend restarted (total restarts: 15).
[2025-08-31 02:48:03][INFO] Containers status check complete.
[2025-08-31 02:50:03][INFO] Mongo healthy ✅
[2025-08-31 02:50:03][INFO] Blockchain RPC OK: {"id":1,"jsonrpc":"2.0","result":"EthereumJS TestRPC/v2.13.2/ethereum-js"} ✅
[2025-08-31 02:50:07][ERROR] Backend down.
[2025-08-31 02:50:07][WARN] Restarting container: backend...
[2025-08-31 02:50:12][INFO] backend restarted (total restarts: 16).
[2025-08-31 02:50:16][ERROR] Frontend down.
[2025-08-31 02:50:16][WARN] Restarting container: frontend...
[2025-08-31 02:50:21][INFO] frontend restarted (total restarts: 16).
[2025-08-31 02:50:21][INFO] Containers status check complete.
[2025-08-31 02:52:21][INFO] Mongo healthy ✅
[2025-08-31 02:52:21][INFO] Blockchain RPC OK: {"id":1,"jsonrpc":"2.0","result":"EthereumJS TestRPC/v2.13.2/ethereum-js"} ✅
[2025-08-31 02:52:26][ERROR] Backend down.
[2025-08-31 02:52:26][WARN] Restarting container: backend...
[2025-08-31 02:52:31][INFO] backend restarted (total restarts: 17).
[2025-08-31 02:52:35][ERROR] Frontend down.
[2025-08-31 02:52:35][WARN] Restarting container: frontend...
[2025-08-31 02:52:40][INFO] frontend restarted (total restarts: 17).
[2025-08-31 02:52:40][INFO] Containers status check complete.
[2025-08-31 02:54:40][INFO] Mongo healthy ✅
[2025-08-31 02:54:40][INFO] Blockchain RPC OK: {"id":1,"jsonrpc":"2.0","result":"EthereumJS TestRPC/v2.13.2/ethereum-js"} ✅
[2025-08-31 02:54:44][ERROR] Backend down.
[2025-08-31 02:54:44][WARN] Restarting container: backend...
[2025-08-31 02:54:50][INFO] backend restarted (total restarts: 18).
[2025-08-31 02:54:54][ERROR] Frontend down.
[2025-08-31 02:54:54][WARN] Restarting container: frontend...
[2025-08-31 02:54:59][INFO] frontend restarted (total restarts: 18).
[2025-08-31 02:54:59][INFO] Containers status check complete.
[2025-08-31 02:56:59][INFO] Mongo healthy ✅
[2025-08-31 02:56:59][INFO] Blockchain RPC OK: {"id":1,"jsonrpc":"2.0","result":"EthereumJS TestRPC/v2.13.2/ethereum-js"} ✅
[2025-08-31 02:57:03][ERROR] Backend down.
[2025-08-31 02:57:03][WARN] Restarting container: backend...
[2025-08-31 02:57:08][INFO] backend restarted (total restarts: 19).
[2025-08-31 02:57:12][ERROR] Frontend down.
[2025-08-31 02:57:12][WARN] Restarting container: frontend...
[2025-08-31 02:57:18][INFO] frontend restarted (total restarts: 19).
[2025-08-31 02:57:18][INFO] Containers status check complete.
[2025-08-31 02:59:18][INFO] Mongo healthy ✅
[2025-08-31 02:59:18][INFO] Blockchain RPC OK: {"id":1,"jsonrpc":"2.0","result":"EthereumJS TestRPC/v2.13.2/ethereum-js"} ✅
[2025-08-31 02:59:22][ERROR] Backend down.
[2025-08-31 02:59:22][WARN] Restarting container: backend...
[2025-08-31 02:59:27][INFO] backend restarted (total restarts: 20).
[2025-08-31 02:59:31][ERROR] Frontend down.
[2025-08-31 02:59:31][WARN] Restarting container: frontend...
[2025-08-31 02:59:36][INFO] frontend restarted (total restarts: 20).
[2025-08-31 02:59:36][INFO] Containers status check complete.
[2025-08-31 03:01:37][INFO] Mongo healthy ✅
[2025-08-31 03:01:37][INFO] Blockchain RPC OK: {"id":1,"jsonrpc":"2.0","result":"EthereumJS TestRPC/v2.13.2/ethereum-js"} ✅
[2025-08-31 03:01:41][ERROR] Backend down.
[2025-08-31 03:01:41][WARN] Restarting container: backend...
[2025-08-31 03:01:46][INFO] backend restarted (total restarts: 21).
[2025-08-31 03:01:50][ERROR] Frontend down.
[2025-08-31 03:01:50][WARN] Restarting container: frontend...
[2025-08-31 03:01:55][INFO] frontend restarted (total restarts: 21).
[2025-08-31 03:01:55][INFO] Containers status check complete.
[2025-08-31 03:03:55][INFO] Mongo healthy ✅
[2025-08-31 03:03:55][INFO] Blockchain RPC OK: {"id":1,"jsonrpc":"2.0","result":"EthereumJS TestRPC/v2.13.2/ethereum-js"} ✅
[2025-08-31 03:03:59][ERROR] Backend down.
[2025-08-31 03:03:59][WARN] Restarting container: backend...
[2025-08-31 03:04:05][INFO] backend restarted (total restarts: 22).
[2025-08-31 03:04:09][ERROR] Frontend down.
[2025-08-31 03:04:09][WARN] Restarting container: frontend...
[2025-08-31 03:04:14][INFO] frontend restarted (total restarts: 22).
[2025-08-31 03:04:14][INFO] Containers status check complete.
[2025-08-31 03:06:14][INFO] Mongo healthy ✅
[2025-08-31 03:06:14][INFO] Blockchain RPC OK: {"id":1,"jsonrpc":"2.0","result":"EthereumJS TestRPC/v2.13.2/ethereum-js"} ✅
[2025-08-31 03:06:18][ERROR] Backend down.
[2025-08-31 03:06:18][WARN] Restarting container: backend...
[2025-08-31 03:06:23][INFO] backend restarted (total restarts: 23).
[2025-08-31 03:06:27][ERROR] Frontend down.
[2025-08-31 03:06:27][WARN] Restarting container: frontend...
[2025-08-31 03:06:33][INFO] frontend restarted (total restarts: 23).
[2025-08-31 03:06:33][INFO] Containers status check complete.
[2025-08-31 03:08:33][INFO] Mongo healthy ✅
[2025-08-31 03:08:33][INFO] Blockchain RPC OK: {"id":1,"jsonrpc":"2.0","result":"EthereumJS TestRPC/v2.13.2/ethereum-js"} ✅
[2025-08-31 03:08:37][ERROR] Backend down.
[2025-08-31 03:08:37][WARN] Restarting container: backend...
[2025-08-31 03:08:42][INFO] backend restarted (total restarts: 24).
[2025-08-31 03:08:46][ERROR] Frontend down.
[2025-08-31 03:08:46][WARN] Restarting container: frontend...
[2025-08-31 03:08:51][INFO] frontend restarted (total restarts: 24).
[2025-08-31 03:08:51][INFO] Containers status check complete.
[2025-08-31 03:10:52][INFO] Mongo healthy ✅
[2025-08-31 03:10:52][INFO] Blockchain RPC OK: {"id":1,"jsonrpc":"2.0","result":"EthereumJS TestRPC/v2.13.2/ethereum-js"} ✅
[2025-08-31 03:10:54][ERROR] Backend down.
[2025-08-31 03:10:54][WARN] Restarting container: backend...
[2025-08-31 03:11:00][INFO] backend restarted (total restarts: 25).
[2025-08-31 03:11:04][ERROR] Frontend down.
[2025-08-31 03:11:04][WARN] Restarting container: frontend...
[2025-08-31 03:11:09][INFO] frontend restarted (total restarts: 25).
[2025-08-31 03:11:09][INFO] Containers status check complete.
[2025-08-31 03:13:09][INFO] Mongo healthy ✅
[2025-08-31 03:13:09][INFO] Blockchain RPC OK: {"id":1,"jsonrpc":"2.0","result":"EthereumJS TestRPC/v2.13.2/ethereum-js"} ✅
[2025-08-31 03:13:13][ERROR] Backend down.
[2025-08-31 03:13:13][WARN] Restarting container: backend...
[2025-08-31 03:13:18][INFO] backend restarted (total restarts: 26).
[2025-08-31 03:13:22][ERROR] Frontend down.
[2025-08-31 03:13:22][WARN] Restarting container: frontend...
[2025-08-31 03:13:28][INFO] frontend restarted (total restarts: 26).
[2025-08-31 03:13:28][INFO] Containers status check complete.
[2025-08-31 03:15:28][INFO] Mongo healthy ✅
[2025-08-31 03:15:28][INFO] Blockchain RPC OK: {"id":1,"jsonrpc":"2.0","result":"EthereumJS TestRPC/v2.13.2/ethereum-js"} ✅
[2025-08-31 03:15:32][ERROR] Backend down.
[2025-08-31 03:15:32][WARN] Restarting container: backend...
[2025-08-31 03:15:37][INFO] backend restarted (total restarts: 27).
[2025-08-31 03:15:41][ERROR] Frontend down.
[2025-08-31 03:15:41][WARN] Restarting container: frontend...
[2025-08-31 03:15:47][INFO] frontend restarted (total restarts: 27).
[2025-08-31 03:15:47][INFO] Containers status check complete.
[2025-08-31 03:17:47][INFO] Mongo healthy ✅
[2025-08-31 03:17:47][INFO] Blockchain RPC OK: {"id":1,"jsonrpc":"2.0","result":"EthereumJS TestRPC/v2.13.2/ethereum-js"} ✅
[2025-08-31 03:17:51][ERROR] Backend down.
[2025-08-31 03:17:51][WARN] Restarting container: backend...
[2025-08-31 03:17:56][INFO] backend restarted (total restarts: 28).
[2025-08-31 03:18:00][ERROR] Frontend down.
[2025-08-31 03:18:00][WARN] Restarting container: frontend...
[2025-08-31 03:18:05][INFO] frontend restarted (total restarts: 28).
[2025-08-31 03:18:05][INFO] Containers status check complete.
[2025-08-31 03:20:05][INFO] Mongo healthy ✅
[2025-08-31 03:20:05][INFO] Blockchain RPC OK: {"id":1,"jsonrpc":"2.0","result":"EthereumJS TestRPC/v2.13.2/ethereum-js"} ✅
[2025-08-31 03:20:09][ERROR] Backend down.
[2025-08-31 03:20:09][WARN] Restarting container: backend...
[2025-08-31 03:20:15][INFO] backend restarted (total restarts: 29).
[2025-08-31 03:20:19][ERROR] Frontend down.
[2025-08-31 03:20:19][WARN] Restarting container: frontend...
[2025-08-31 03:20:24][INFO] frontend restarted (total restarts: 29).
[2025-08-31 03:20:24][INFO] Containers status check complete.
[2025-08-31 03:22:24][INFO] Mongo healthy ✅
[2025-08-31 03:22:24][INFO] Blockchain RPC OK: {"id":1,"jsonrpc":"2.0","result":"EthereumJS TestRPC/v2.13.2/ethereum-js"} ✅
[2025-08-31 03:22:28][ERROR] Backend down.
[2025-08-31 03:22:28][WARN] Restarting container: backend...
[2025-08-31 03:22:33][INFO] backend restarted (total restarts: 30).
[2025-08-31 03:22:38][ERROR] Frontend down.
[2025-08-31 03:22:38][WARN] Restarting container: frontend...
[2025-08-31 03:22:43][INFO] frontend restarted (total restarts: 30).
[2025-08-31 03:22:43][INFO] Containers status check complete.
[2025-08-31 03:24:43][INFO] Mongo healthy ✅
[2025-08-31 03:24:43][INFO] Blockchain RPC OK: {"id":1,"jsonrpc":"2.0","result":"EthereumJS TestRPC/v2.13.2/ethereum-js"} ✅
[2025-08-31 03:24:47][ERROR] Backend down.
[2025-08-31 03:24:47][WARN] Restarting container: backend...
[2025-08-31 03:24:52][INFO] backend restarted (total restarts: 31).
[2025-08-31 03:24:56][ERROR] Frontend down.
[2025-08-31 03:24:56][WARN] Restarting container: frontend...
[2025-08-31 03:25:01][INFO] frontend restarted (total restarts: 31).
[2025-08-31 03:25:01][INFO] Containers status check complete.
[2025-08-31 03:27:02][INFO] Mongo healthy ✅
[2025-08-31 03:27:02][INFO] Blockchain RPC OK: {"id":1,"jsonrpc":"2.0","result":"EthereumJS TestRPC/v2.13.2/ethereum-js"} ✅
[2025-08-31 03:27:06][ERROR] Backend down.
[2025-08-31 03:27:06][WARN] Restarting container: backend...
[2025-08-31 03:27:11][INFO] backend restarted (total restarts: 32).
[2025-08-31 03:27:15][ERROR] Frontend down.
[2025-08-31 03:27:15][WARN] Restarting container: frontend...
[2025-08-31 03:27:20][INFO] frontend restarted (total restarts: 32).
[2025-08-31 03:27:20][INFO] Containers status check complete.
[2025-08-31 03:29:20][INFO] Mongo healthy ✅
[2025-08-31 03:29:20][INFO] Blockchain RPC OK: {"id":1,"jsonrpc":"2.0","result":"EthereumJS TestRPC/v2.13.2/ethereum-js"} ✅
[2025-08-31 03:29:25][ERROR] Backend down.
[2025-08-31 03:29:25][WARN] Restarting container: backend...
[2025-08-31 03:29:30][INFO] backend restarted (total restarts: 33).
[2025-08-31 03:29:34][ERROR] Frontend down.
[2025-08-31 03:29:34][WARN] Restarting container: frontend...
[2025-08-31 03:29:39][INFO] frontend restarted (total restarts: 33).
[2025-08-31 03:29:39][INFO] Containers status check complete.
[2025-08-31 03:31:39][INFO] Mongo healthy ✅
[2025-08-31 03:31:39][INFO] Blockchain RPC OK: {"id":1,"jsonrpc":"2.0","result":"EthereumJS TestRPC/v2.13.2/ethereum-js"} ✅
[2025-08-31 03:31:43][ERROR] Backend down.
[2025-08-31 03:31:43][WARN] Restarting container: backend...
[2025-08-31 03:31:48][INFO] backend restarted (total restarts: 34).
[2025-08-31 03:31:53][ERROR] Frontend down.
[2025-08-31 03:31:53][WARN] Restarting container: frontend...
[2025-08-31 03:31:58][INFO] frontend restarted (total restarts: 34).
[2025-08-31 03:31:58][INFO] Containers status check complete.
[2025-08-31 03:33:58][INFO] Mongo healthy ✅
[2025-08-31 03:33:58][INFO] Blockchain RPC OK: {"id":1,"jsonrpc":"2.0","result":"EthereumJS TestRPC/v2.13.2/ethereum-js"} ✅
[2025-08-31 03:34:02][ERROR] Backend down.
[2025-08-31 03:34:02][WARN] Restarting container: backend...
[2025-08-31 03:34:07][INFO] backend restarted (total restarts: 35).
[2025-08-31 03:34:11][ERROR] Frontend down.
[2025-08-31 03:34:11][WARN] Restarting container: frontend...
[2025-08-31 03:34:17][INFO] frontend restarted (total restarts: 35).
[2025-08-31 03:34:17][INFO] Containers status check complete.
